This file contains any messages produced by compilers while
running configure, to aid debugging if configure makes a mistake.

It was created by Snoopy Logger configure 1.9.0, which was
generated by GNU Autoconf 2.69.  Invocation command line was

  $ ./configure 

## --------- ##
## Platform. ##
## --------- ##

hostname = home.evilezh.net
uname -m = x86_64
uname -r = 3.13.0+
uname -s = Linux
uname -v = #1 SMP PREEMPT Thu Feb 6 13:05:32 GMT 2014

/usr/bin/uname -p = x86_64
/bin/uname -X     = unknown

/bin/arch              = x86_64
/usr/bin/arch -k       = unknown
/usr/convex/getsysinfo = unknown
/usr/bin/hostinfo      = unknown
/bin/machine           = unknown
/usr/bin/oslevel       = unknown
/bin/universe          = unknown

PATH: /root/.gvm/vertx/current/bin
PATH: /root/.gvm/springboot/current/bin
PATH: /root/.gvm/lazybones/current/bin
PATH: /root/.gvm/groovyserv/current/bin
PATH: /root/.gvm/groovy/current/bin
PATH: /root/.gvm/griffon/current/bin
PATH: /root/.gvm/grails/current/bin
PATH: /root/.gvm/gradle/current/bin
PATH: /root/.gvm/glide/current/bin
PATH: /root/.gvm/gaiden/current/bin
PATH: /root/.gvm/crash/current/bin
PATH: /usr/lib64/qt-3.3/bin
PATH: /usr/local/sbin
PATH: /usr/sbin
PATH: /usr/local/bin
PATH: /usr/bin
PATH: /bin
PATH: /root/bin


## ----------- ##
## Core tests. ##
## ----------- ##

configure:2245: checking for gcc
configure:2261: found /usr/bin/gcc
configure:2272: result: gcc
configure:2501: checking for C compiler version
configure:2510: gcc --version >&5
gcc (GCC) 4.8.2 20131212 (Red Hat 4.8.2-7)
Copyright (C) 2013 Free Software Foundation, Inc.
This is free software; see the source for copying conditions.  There is NO
warranty; not even for MERCHANTABILITY or FITNESS FOR A PARTICULAR PURPOSE.

configure:2521: $? = 0
configure:2510: gcc -v >&5
Using built-in specs.
COLLECT_GCC=gcc
COLLECT_LTO_WRAPPER=/usr/libexec/gcc/x86_64-redhat-linux/4.8.2/lto-wrapper
Target: x86_64-redhat-linux
Configured with: ../configure --prefix=/usr --mandir=/usr/share/man --infodir=/usr/share/info --with-bugurl=http://bugzilla.redhat.com/bugzilla --enable-bootstrap --enable-shared --enable-threads=posix --enable-checking=release --with-system-zlib --enable-__cxa_atexit --disable-libunwind-exceptions --enable-gnu-unique-object --enable-linker-build-id --with-linker-hash-style=gnu --enable-languages=c,c++,objc,obj-c++,java,fortran,ada,go,lto --enable-plugin --enable-initfini-array --enable-java-awt=gtk --disable-dssi --with-java-home=/usr/lib/jvm/java-1.5.0-gcj-1.5.0.0/jre --enable-libgcj-multifile --enable-java-maintainer-mode --with-ecj-jar=/usr/share/java/eclipse-ecj.jar --disable-libjava-multilib --with-isl=/builddir/build/BUILD/gcc-4.8.2-20131212/obj-x86_64-redhat-linux/isl-install --with-cloog=/builddir/build/BUILD/gcc-4.8.2-20131212/obj-x86_64-redhat-linux/cloog-install --with-tune=generic --with-arch_32=i686 --build=x86_64-redhat-linux
Thread model: posix
gcc version 4.8.2 20131212 (Red Hat 4.8.2-7) (GCC) 
configure:2521: $? = 0
configure:2510: gcc -V >&5
gcc: error: unrecognized command line option '-V'
gcc: fatal error: no input files
compilation terminated.
configure:2521: $? = 4
configure:2510: gcc -qversion >&5
gcc: error: unrecognized command line option '-qversion'
gcc: fatal error: no input files
compilation terminated.
configure:2521: $? = 4
configure:2541: checking whether the C compiler works
configure:2563: gcc    conftest.c  >&5
conftest.c:8:0: warning: "PACKAGE_URL" redefined [enabled by default]
 #define PACKAGE_URL /**/
 ^
conftest.c:7:0: note: this is the location of the previous definition
 #define PACKAGE_URL ""
 ^
configure:2567: $? = 0
configure:2615: result: yes
configure:2618: checking for C compiler default output file name
configure:2620: result: a.out
configure:2626: checking for suffix of executables
configure:2633: gcc -o conftest    conftest.c  >&5
conftest.c:8:0: warning: "PACKAGE_URL" redefined [enabled by default]
 #define PACKAGE_URL /**/
 ^
conftest.c:7:0: note: this is the location of the previous definition
 #define PACKAGE_URL ""
 ^
configure:2637: $? = 0
configure:2659: result: 
configure:2681: checking whether we are cross compiling
configure:2689: gcc -o conftest    conftest.c  >&5
conftest.c:8:0: warning: "PACKAGE_URL" redefined [enabled by default]
 #define PACKAGE_URL /**/
 ^
conftest.c:7:0: note: this is the location of the previous definition
 #define PACKAGE_URL ""
 ^
configure:2693: $? = 0
configure:2700: ./conftest
configure:2704: $? = 0
configure:2719: result: no
configure:2724: checking for suffix of object files
configure:2746: gcc -c   conftest.c >&5
conftest.c:8:0: warning: "PACKAGE_URL" redefined [enabled by default]
 #define PACKAGE_URL /**/
 ^
conftest.c:7:0: note: this is the location of the previous definition
 #define PACKAGE_URL ""
 ^
configure:2750: $? = 0
configure:2771: result: o
configure:2775: checking whether we are using the GNU C compiler
configure:2794: gcc -c   conftest.c >&5
conftest.c:8:0: warning: "PACKAGE_URL" redefined [enabled by default]
 #define PACKAGE_URL /**/
 ^
conftest.c:7:0: note: this is the location of the previous definition
 #define PACKAGE_URL ""
 ^
configure:2794: $? = 0
configure:2803: result: yes
configure:2812: checking whether gcc accepts -g
configure:2832: gcc -c -g  conftest.c >&5
conftest.c:8:0: warning: "PACKAGE_URL" redefined [enabled by default]
 #define PACKAGE_URL /**/
 ^
conftest.c:7:0: note: this is the location of the previous definition
 #define PACKAGE_URL ""
 ^
configure:2832: $? = 0
configure: failed program was:
| /* confdefs.h */
| #define PACKAGE_NAME "Snoopy Logger"
| #define PACKAGE_TARNAME "snoopy"
| #define PACKAGE_VERSION "1.9.0"
| #define PACKAGE_STRING "Snoopy Logger 1.9.0"
| #define PACKAGE_BUGREPORT "https://github.com/a2o/snoopy/"
| #define PACKAGE_URL ""
| #define PACKAGE_URL /**/
| /* end confdefs.h.  */
| 
| int
| main ()
| {
| 
|   ;
|   return 0;
| }
configure:2847: gcc -c   conftest.c >&5
conftest.c:8:0: warning: "PACKAGE_URL" redefined [enabled by default]
 #define PACKAGE_URL /**/
 ^
conftest.c:7:0: note: this is the location of the previous definition
 #define PACKAGE_URL ""
 ^
configure:2847: $? = 0
configure: failed program was:
| /* confdefs.h */
| #define PACKAGE_NAME "Snoopy Logger"
| #define PACKAGE_TARNAME "snoopy"
| #define PACKAGE_VERSION "1.9.0"
| #define PACKAGE_STRING "Snoopy Logger 1.9.0"
| #define PACKAGE_BUGREPORT "https://github.com/a2o/snoopy/"
| #define PACKAGE_URL ""
| #define PACKAGE_URL /**/
| /* end confdefs.h.  */
| 
| int
| main ()
| {
| 
|   ;
|   return 0;
| }
configure:2863: gcc -c -g  conftest.c >&5
conftest.c:8:0: warning: "PACKAGE_URL" redefined [enabled by default]
 #define PACKAGE_URL /**/
 ^
conftest.c:7:0: note: this is the location of the previous definition
 #define PACKAGE_URL ""
 ^
configure:2863: $? = 0
configure:2873: result: yes
configure:2890: checking for gcc option to accept ISO C89
configure:2953: gcc  -c -g -O2  conftest.c >&5
conftest.c:8:0: warning: "PACKAGE_URL" redefined [enabled by default]
 #define PACKAGE_URL /**/
 ^
conftest.c:7:0: note: this is the location of the previous definition
 #define PACKAGE_URL ""
 ^
configure:2953: $? = 0
configure:2966: result: none needed
configure:3029: checking for a BSD-compatible install
configure:3097: result: /usr/bin/install -c
configure:3108: checking whether ln -s works
configure:3112: result: yes
configure:3123: checking for main in -ldl
configure:3142: gcc -o conftest -g -O2   conftest.c -ldl   >&5
conftest.c:8:0: warning: "PACKAGE_URL" redefined [enabled by default]
 #define PACKAGE_URL /**/
 ^
conftest.c:7:0: note: this is the location of the previous definition
 #define PACKAGE_URL ""
 ^
configure:3142: $? = 0
configure:3151: result: yes
configure:3169: checking how to run the C preprocessor
configure:3200: gcc -E  conftest.c
conftest.c:8:0: warning: "PACKAGE_URL" redefined [enabled by default]
 #define PACKAGE_URL /**/
 ^
conftest.c:7:0: note: this is the location of the previous definition
 #define PACKAGE_URL ""
 ^
configure:3200: $? = 0
configure:3214: gcc -E  conftest.c
conftest.c:8:0: warning: "PACKAGE_URL" redefined [enabled by default]
 #define PACKAGE_URL /**/
 ^
conftest.c:7:0: note: this is the location of the previous definition
 #define PACKAGE_URL ""
 ^
conftest.c:11:28: fatal error: ac_nonexistent.h: No such file or directory
 #include <ac_nonexistent.h>
                            ^
compilation terminated.
configure:3214: $? = 1
configure: failed program was:
| /* confdefs.h */
| #define PACKAGE_NAME "Snoopy Logger"
| #define PACKAGE_TARNAME "snoopy"
| #define PACKAGE_VERSION "1.9.0"
| #define PACKAGE_STRING "Snoopy Logger 1.9.0"
| #define PACKAGE_BUGREPORT "https://github.com/a2o/snoopy/"
| #define PACKAGE_URL ""
| #define PACKAGE_URL /**/
| #define HAVE_LIBDL 1
| /* end confdefs.h.  */
| #include <ac_nonexistent.h>
configure:3239: result: gcc -E
configure:3259: gcc -E  conftest.c
conftest.c:8:0: warning: "PACKAGE_URL" redefined [enabled by default]
 #define PACKAGE_URL /**/
 ^
conftest.c:7:0: note: this is the location of the previous definition
 #define PACKAGE_URL ""
 ^
configure:3259: $? = 0
configure:3273: gcc -E  conftest.c
conftest.c:8:0: warning: "PACKAGE_URL" redefined [enabled by default]
 #define PACKAGE_URL /**/
 ^
conftest.c:7:0: note: this is the location of the previous definition
 #define PACKAGE_URL ""
 ^
conftest.c:11:28: fatal error: ac_nonexistent.h: No such file or directory
 #include <ac_nonexistent.h>
                            ^
compilation terminated.
configure:3273: $? = 1
configure: failed program was:
| /* confdefs.h */
| #define PACKAGE_NAME "Snoopy Logger"
| #define PACKAGE_TARNAME "snoopy"
| #define PACKAGE_VERSION "1.9.0"
| #define PACKAGE_STRING "Snoopy Logger 1.9.0"
| #define PACKAGE_BUGREPORT "https://github.com/a2o/snoopy/"
| #define PACKAGE_URL ""
| #define PACKAGE_URL /**/
| #define HAVE_LIBDL 1
| /* end confdefs.h.  */
| #include <ac_nonexistent.h>
configure:3302: checking for grep that handles long lines and -e
configure:3360: result: /usr/bin/grep
configure:3365: checking for egrep
configure:3427: result: /usr/bin/grep -E
configure:3432: checking for ANSI C header files
configure:3452: gcc -c -g -O2  conftest.c >&5
conftest.c:8:0: warning: "PACKAGE_URL" redefined [enabled by default]
 #define PACKAGE_URL /**/
 ^
conftest.c:7:0: note: this is the location of the previous definition
 #define PACKAGE_URL ""
 ^
configure:3452: $? = 0
conftest.c:8:0: warning: "PACKAGE_URL" redefined [enabled by default]
 #define PACKAGE_URL /**/
 ^
conftest.c:7:0: note: this is the location of the previous definition
 #define PACKAGE_URL ""
 ^
conftest.c:8:0: warning: "PACKAGE_URL" redefined [enabled by default]
 #define PACKAGE_URL /**/
 ^
conftest.c:7:0: note: this is the location of the previous definition
 #define PACKAGE_URL ""
 ^
configure:3525: gcc -o conftest -g -O2   conftest.c -ldl  >&5
conftest.c:8:0: warning: "PACKAGE_URL" redefined [enabled by default]
 #define PACKAGE_URL /**/
 ^
conftest.c:7:0: note: this is the location of the previous definition
 #define PACKAGE_URL ""
 ^
configure:3525: $? = 0
configure:3525: ./conftest
configure:3525: $? = 0
configure:3536: result: yes
configure:3549: checking for sys/types.h
configure:3549: gcc -c -g -O2  conftest.c >&5
conftest.c:8:0: warning: "PACKAGE_URL" redefined [enabled by default]
 #define PACKAGE_URL /**/
 ^
conftest.c:7:0: note: this is the location of the previous definition
 #define PACKAGE_URL ""
 ^
configure:3549: $? = 0
configure:3549: result: yes
configure:3549: checking for sys/stat.h
configure:3549: gcc -c -g -O2  conftest.c >&5
conftest.c:8:0: warning: "PACKAGE_URL" redefined [enabled by default]
 #define PACKAGE_URL /**/
 ^
conftest.c:7:0: note: this is the location of the previous definition
 #define PACKAGE_URL ""
 ^
configure:3549: $? = 0
configure:3549: result: yes
configure:3549: checking for stdlib.h
configure:3549: gcc -c -g -O2  conftest.c >&5
conftest.c:8:0: warning: "PACKAGE_URL" redefined [enabled by default]
 #define PACKAGE_URL /**/
 ^
conftest.c:7:0: note: this is the location of the previous definition
 #define PACKAGE_URL ""
 ^
configure:3549: $? = 0
configure:3549: result: yes
configure:3549: checking for string.h
configure:3549: gcc -c -g -O2  conftest.c >&5
conftest.c:8:0: warning: "PACKAGE_URL" redefined [enabled by default]
 #define PACKAGE_URL /**/
 ^
conftest.c:7:0: note: this is the location of the previous definition
 #define PACKAGE_URL ""
 ^
configure:3549: $? = 0
configure:3549: result: yes
configure:3549: checking for memory.h
configure:3549: gcc -c -g -O2  conftest.c >&5
conftest.c:8:0: warning: "PACKAGE_URL" redefined [enabled by default]
 #define PACKAGE_URL /**/
 ^
conftest.c:7:0: note: this is the location of the previous definition
 #define PACKAGE_URL ""
 ^
configure:3549: $? = 0
configure:3549: result: yes
configure:3549: checking for strings.h
configure:3549: gcc -c -g -O2  conftest.c >&5
conftest.c:8:0: warning: "PACKAGE_URL" redefined [enabled by default]
 #define PACKAGE_URL /**/
 ^
conftest.c:7:0: note: this is the location of the previous definition
 #define PACKAGE_URL ""
 ^
configure:3549: $? = 0
configure:3549: result: yes
configure:3549: checking for inttypes.h
configure:3549: gcc -c -g -O2  conftest.c >&5
conftest.c:8:0: warning: "PACKAGE_URL" redefined [enabled by default]
 #define PACKAGE_URL /**/
 ^
conftest.c:7:0: note: this is the location of the previous definition
 #define PACKAGE_URL ""
 ^
configure:3549: $? = 0
configure:3549: result: yes
configure:3549: checking for stdint.h
configure:3549: gcc -c -g -O2  conftest.c >&5
conftest.c:8:0: warning: "PACKAGE_URL" redefined [enabled by default]
 #define PACKAGE_URL /**/
 ^
conftest.c:7:0: note: this is the location of the previous definition
 #define PACKAGE_URL ""
 ^
configure:3549: $? = 0
configure:3549: result: yes
configure:3549: checking for unistd.h
configure:3549: gcc -c -g -O2  conftest.c >&5
conftest.c:8:0: warning: "PACKAGE_URL" redefined [enabled by default]
 #define PACKAGE_URL /**/
 ^
conftest.c:7:0: note: this is the location of the previous definition
 #define PACKAGE_URL ""
 ^
configure:3549: $? = 0
configure:3549: result: yes
configure:3564: checking limits.h usability
configure:3564: gcc -c -g -O2  conftest.c >&5
conftest.c:8:0: warning: "PACKAGE_URL" redefined [enabled by default]
 #define PACKAGE_URL /**/
 ^
conftest.c:7:0: note: this is the location of the previous definition
 #define PACKAGE_URL ""
 ^
configure:3564: $? = 0
configure:3564: result: yes
configure:3564: checking limits.h presence
configure:3564: gcc -E  conftest.c
conftest.c:8:0: warning: "PACKAGE_URL" redefined [enabled by default]
 #define PACKAGE_URL /**/
 ^
conftest.c:7:0: note: this is the location of the previous definition
 #define PACKAGE_URL ""
 ^
configure:3564: $? = 0
configure:3564: result: yes
configure:3564: checking for limits.h
configure:3564: result: yes
configure:3564: checking for stdlib.h
configure:3564: result: yes
configure:3564: checking for string.h
configure:3564: result: yes
configure:3564: checking syslog.h usability
configure:3564: gcc -c -g -O2  conftest.c >&5
conftest.c:8:0: warning: "PACKAGE_URL" redefined [enabled by default]
 #define PACKAGE_URL /**/
 ^
conftest.c:7:0: note: this is the location of the previous definition
 #define PACKAGE_URL ""
 ^
configure:3564: $? = 0
configure:3564: result: yes
configure:3564: checking syslog.h presence
configure:3564: gcc -E  conftest.c
conftest.c:8:0: warning: "PACKAGE_URL" redefined [enabled by default]
 #define PACKAGE_URL /**/
 ^
conftest.c:7:0: note: this is the location of the previous definition
 #define PACKAGE_URL ""
 ^
configure:3564: $? = 0
configure:3564: result: yes
configure:3564: checking for syslog.h
configure:3564: result: yes
configure:3564: checking for unistd.h
configure:3564: result: yes
configure:3576: checking for inline
configure:3592: gcc -c -g -O2  conftest.c >&5
conftest.c:8:0: warning: "PACKAGE_URL" redefined [enabled by default]
 #define PACKAGE_URL /**/
 ^
conftest.c:7:0: note: this is the location of the previous definition
 #define PACKAGE_URL ""
 ^
configure:3592: $? = 0
configure:3600: result: inline
configure:3618: checking for size_t
configure:3618: gcc -c -g -O2  conftest.c >&5
conftest.c:8:0: warning: "PACKAGE_URL" redefined [enabled by default]
 #define PACKAGE_URL /**/
 ^
conftest.c:7:0: note: this is the location of the previous definition
 #define PACKAGE_URL ""
 ^
configure:3618: $? = 0
configure:3618: gcc -c -g -O2  conftest.c >&5
conftest.c:8:0: warning: "PACKAGE_URL" redefined [enabled by default]
 #define PACKAGE_URL /**/
 ^
conftest.c:7:0: note: this is the location of the previous definition
 #define PACKAGE_URL ""
 ^
conftest.c: In function 'main':
conftest.c:62:21: error: expected expression before ')' token
 if (sizeof ((size_t)))
                     ^
configure:3618: $? = 1
configure: failed program was:
| /* confdefs.h */
| #define PACKAGE_NAME "Snoopy Logger"
| #define PACKAGE_TARNAME "snoopy"
| #define PACKAGE_VERSION "1.9.0"
| #define PACKAGE_STRING "Snoopy Logger 1.9.0"
| #define PACKAGE_BUGREPORT "https://github.com/a2o/snoopy/"
| #define PACKAGE_URL ""
| #define PACKAGE_URL /**/
| #define HAVE_LIBDL 1
| #define STDC_HEADERS 1
| #define HAVE_SYS_TYPES_H 1
| #define HAVE_SYS_STAT_H 1
| #define HAVE_STDLIB_H 1
| #define HAVE_STRING_H 1
| #define HAVE_MEMORY_H 1
| #define HAVE_STRINGS_H 1
| #define HAVE_INTTYPES_H 1
| #define HAVE_STDINT_H 1
| #define HAVE_UNISTD_H 1
| #define HAVE_LIMITS_H 1
| #define HAVE_STDLIB_H 1
| #define HAVE_STRING_H 1
| #define HAVE_SYSLOG_H 1
| #define HAVE_UNISTD_H 1
| /* end confdefs.h.  */
| #include <stdio.h>
| #ifdef HAVE_SYS_TYPES_H
| # include <sys/types.h>
| #endif
| #ifdef HAVE_SYS_STAT_H
| # include <sys/stat.h>
| #endif
| #ifdef STDC_HEADERS
| # include <stdlib.h>
| # include <stddef.h>
| #else
| # ifdef HAVE_STDLIB_H
| #  include <stdlib.h>
| # endif
| #endif
| #ifdef HAVE_STRING_H
| # if !defined STDC_HEADERS && defined HAVE_MEMORY_H
| #  include <memory.h>
| # endif
| # include <string.h>
| #endif
| #ifdef HAVE_STRINGS_H
| # include <strings.h>
| #endif
| #ifdef HAVE_INTTYPES_H
| # include <inttypes.h>
| #endif
| #ifdef HAVE_STDINT_H
| # include <stdint.h>
| #endif
| #ifdef HAVE_UNISTD_H
| # include <unistd.h>
| #endif
| int
| main ()
| {
| if (sizeof ((size_t)))
| 	    return 0;
|   ;
|   return 0;
| }
configure:3618: result: yes
configure:3633: checking for stdlib.h
configure:3633: result: yes
configure:3643: checking for GNU libc compatible malloc
configure:3667: gcc -o conftest -g -O2   conftest.c -ldl  >&5
conftest.c:8:0: warning: "PACKAGE_URL" redefined [enabled by default]
 #define PACKAGE_URL /**/
 ^
conftest.c:7:0: note: this is the location of the previous definition
 #define PACKAGE_URL ""
 ^
configure:3667: $? = 0
configure:3667: ./conftest
configure:3667: $? = 0
configure:3677: result: yes
configure:3700: checking for getcwd
configure:3700: gcc -o conftest -g -O2   conftest.c -ldl  >&5
conftest.c:8:0: warning: "PACKAGE_URL" redefined [enabled by default]
 #define PACKAGE_URL /**/
 ^
conftest.c:7:0: note: this is the location of the previous definition
 #define PACKAGE_URL ""
 ^
configure:3700: $? = 0
configure:3700: result: yes
configure:3991: creating ./config.status

## ---------------------- ##
## Running config.status. ##
## ---------------------- ##

This file was extended by Snoopy Logger config.status 1.9.0, which was
generated by GNU Autoconf 2.69.  Invocation command line was

  CONFIG_FILES    = 
  CONFIG_HEADERS  = 
  CONFIG_LINKS    = 
  CONFIG_COMMANDS = 
  $ ./config.status 

on home.evilezh.net

config.status:822: creating Makefile
config.status:822: creating snoopy-filter.sh
config.status:822: creating contrib/sles/snoopy.spec
config.status:822: creating config.h

## ---------------- ##
## Cache variables. ##
## ---------------- ##

ac_cv_c_compiler_gnu=yes
ac_cv_c_inline=inline
ac_cv_env_CC_set=
ac_cv_env_CC_value=
ac_cv_env_CFLAGS_set=
ac_cv_env_CFLAGS_value=
ac_cv_env_CPPFLAGS_set=
ac_cv_env_CPPFLAGS_value=
ac_cv_env_CPP_set=
ac_cv_env_CPP_value=
ac_cv_env_LDFLAGS_set=
ac_cv_env_LDFLAGS_value=
ac_cv_env_LIBS_set=
ac_cv_env_LIBS_value=
ac_cv_env_build_alias_set=
ac_cv_env_build_alias_value=
ac_cv_env_host_alias_set=
ac_cv_env_host_alias_value=
ac_cv_env_target_alias_set=
ac_cv_env_target_alias_value=
ac_cv_func_getcwd=yes
ac_cv_func_malloc_0_nonnull=yes
ac_cv_header_inttypes_h=yes
ac_cv_header_limits_h=yes
ac_cv_header_memory_h=yes
ac_cv_header_stdc=yes
ac_cv_header_stdint_h=yes
ac_cv_header_stdlib_h=yes
ac_cv_header_string_h=yes
ac_cv_header_strings_h=yes
ac_cv_header_sys_stat_h=yes
ac_cv_header_sys_types_h=yes
ac_cv_header_syslog_h=yes
ac_cv_header_unistd_h=yes
ac_cv_lib_dl_main=yes
ac_cv_objext=o
ac_cv_path_EGREP='/usr/bin/grep -E'
ac_cv_path_GREP=/usr/bin/grep
ac_cv_path_install='/usr/bin/install -c'
ac_cv_prog_CPP='gcc -E'
ac_cv_prog_ac_ct_CC=gcc
ac_cv_prog_cc_c89=
ac_cv_prog_cc_g=yes
ac_cv_type_size_t=yes

## ----------------- ##
## Output variables. ##
## ----------------- ##

CC='gcc'
CFLAGS='-g -O2'
CPP='gcc -E'
CPPFLAGS=''
DEFS='-DHAVE_CONFIG_H'
ECHO_C=''
ECHO_N='-n'
ECHO_T=''
EGREP='/usr/bin/grep -E'
EXEEXT=''
GREP='/usr/bin/grep'
INSTALL_DATA='${INSTALL} -m 644'
INSTALL_PROGRAM='${INSTALL}'
INSTALL_SCRIPT='${INSTALL}'
LDFLAGS=''
LIBOBJS=''
LIBS='-ldl '
LN_S='ln -s'
LTLIBOBJS=''
OBJEXT='o'
PACKAGE_BUGREPORT='https://github.com/a2o/snoopy/'
PACKAGE_NAME='Snoopy Logger'
PACKAGE_STRING='Snoopy Logger 1.9.0'
PACKAGE_TARNAME='snoopy'
PACKAGE_URL=''
PACKAGE_VERSION='1.9.0'
PATH_SEPARATOR=':'
SHELL='/bin/sh'
SNOOPY_EXCLUDE_PREFIX='/usr/local/snoopy/bin'
SNOOPY_EXTERNAL_FILTER='no'
SNOOPY_FILTER_COMMAND='/usr/local/snoopy/bin/snoopy-filter.sh'
SNOOPY_ROOT_ONLY='no'
ac_ct_CC='gcc'
bindir='${exec_prefix}/bin'
build_alias=''
datadir='${datarootdir}'
datarootdir='${prefix}/share'
docdir='${datarootdir}/doc/${PACKAGE_TARNAME}'
dvidir='${docdir}'
exec_prefix='${prefix}'
host_alias=''
htmldir='${docdir}'
includedir='${prefix}/include'
infodir='${datarootdir}/info'
libdir='${exec_prefix}/lib'
libexecdir='${exec_prefix}/libexec'
localedir='${datarootdir}/locale'
localstatedir='${prefix}/var'
mandir='${datarootdir}/man'
oldincludedir='/usr/include'
pdfdir='${docdir}'
prefix='/usr/local'
program_transform_name='s,x,x,'
psdir='${docdir}'
sbindir='${exec_prefix}/sbin'
sharedstatedir='${prefix}/com'
sysconfdir='${prefix}/etc'
target_alias=''

## ----------- ##
## confdefs.h. ##
## ----------- ##

/* confdefs.h */
#define PACKAGE_NAME "Snoopy Logger"
#define PACKAGE_TARNAME "snoopy"
#define PACKAGE_VERSION "1.9.0"
#define PACKAGE_STRING "Snoopy Logger 1.9.0"
#define PACKAGE_BUGREPORT "https://github.com/a2o/snoopy/"
#define PACKAGE_URL ""
#define PACKAGE_URL /**/
#define HAVE_LIBDL 1
#define STDC_HEADERS 1
#define HAVE_SYS_TYPES_H 1
#define HAVE_SYS_STAT_H 1
#define HAVE_STDLIB_H 1
#define HAVE_STRING_H 1
#define HAVE_MEMORY_H 1
#define HAVE_STRINGS_H 1
#define HAVE_INTTYPES_H 1
#define HAVE_STDINT_H 1
#define HAVE_UNISTD_H 1
#define HAVE_LIMITS_H 1
#define HAVE_STDLIB_H 1
#define HAVE_STRING_H 1
#define HAVE_SYSLOG_H 1
#define HAVE_UNISTD_H 1
#define HAVE_STDLIB_H 1
#define HAVE_MALLOC 1
#define HAVE_GETCWD 1
#define SNOOPY_CWD_LOGGING 1
#define SNOOPY_EXCLUDE_PREFIX "/usr/local/snoopy/bin"
#define SNOOPY_SYSLOG_FACILITY LOG_AUTHPRIV
#define SNOOPY_SYSLOG_LEVEL LOG_INFO

configure: exit 0
